INFO 2022-07-18 13:49:38,192 root This is Assignment2 program 
INFO 2022-07-18 13:49:38,193 root we are in Convent_kilometer
INFO 2022-07-18 13:49:42,279 root the lenth of Kms 62.15040397762586 
INFO 2022-07-18 13:57:53,228 root This is Assignment2 program 
INFO 2022-07-18 13:58:37,251 root This is Assignment2 program 
INFO 2022-07-18 13:58:37,251 root we are in Convent_kilometer
INFO 2022-07-18 13:58:41,433 root the lenth of Kms 93.22560596643878 
INFO 2022-07-18 13:58:41,433 root we are in  convert_Celsius_to_Fahrenheit
INFO 2022-07-18 13:58:46,853 root convert_Celsius_to_Fahrenheit 194.0 
INFO 2022-07-18 14:12:41,911 root This is Assignment2 program 
INFO 2022-07-18 14:12:41,913 root we are in Convent_kilometer
INFO 2022-07-18 14:12:45,648 root the lenth of Kms 124.30080795525171 
INFO 2022-07-18 14:12:45,649 root we are in  convert_Celsius_to_Fahrenheit
INFO 2022-07-18 14:12:51,072 root convert_Celsius_to_Fahrenheit 96.8 
INFO 2022-07-18 14:13:15,979 root This is Assignment2 program 
INFO 2022-07-18 14:13:15,979 root we are in Convent_kilometer
INFO 2022-07-18 14:13:18,854 root the lenth of Kms 124.30080795525171 
INFO 2022-07-18 14:13:18,854 root we are in  convert_Celsius_to_Fahrenheit
INFO 2022-07-18 14:13:21,425 root convert_Celsius_to_Fahrenheit 78.8 
INFO 2022-07-18 14:13:21,425 root showCalender
INFO 2022-07-18 14:13:25,772 root Calender                                   2022

      January                   February                   March
Mo Tu We Th Fr Sa Su      Mo Tu We Th Fr Sa Su      Mo Tu We Th Fr Sa Su
                1  2          1  2  3  4  5  6          1  2  3  4  5  6
 3  4  5  6  7  8  9       7  8  9 10 11 12 13       7  8  9 10 11 12 13
10 11 12 13 14 15 16      14 15 16 17 18 19 20      14 15 16 17 18 19 20
17 18 19 20 21 22 23      21 22 23 24 25 26 27      21 22 23 24 25 26 27
24 25 26 27 28 29 30      28                        28 29 30 31
31

       April                      May                       June
Mo Tu We Th Fr Sa Su      Mo Tu We Th Fr Sa Su      Mo Tu We Th Fr Sa Su
             1  2  3                         1             1  2  3  4  5
 4  5  6  7  8  9 10       2  3  4  5  6  7  8       6  7  8  9 10 11 12
11 12 13 14 15 16 17       9 10 11 12 13 14 15      13 14 15 16 17 18 19
18 19 20 21 22 23 24      16 17 18 19 20 21 22      20 21 22 23 24 25 26
25 26 27 28 29 30         23 24 25 26 27 28 29      27 28 29 30
                          30 31

        July                     August                  September
Mo Tu We Th Fr Sa Su      Mo Tu We Th Fr Sa Su      Mo Tu We Th Fr Sa Su
             1  2  3       1  2  3  4  5  6  7                1  2  3  4
 4  5  6  7  8  9 10       8  9 10 11 12 13 14       5  6  7  8  9 10 11
11 12 13 14 15 16 17      15 16 17 18 19 20 21      12 13 14 15 16 17 18
18 19 20 21 22 23 24      22 23 24 25 26 27 28      19 20 21 22 23 24 25
25 26 27 28 29 30 31      29 30 31                  26 27 28 29 30

      October                   November                  December
Mo Tu We Th Fr Sa Su      Mo Tu We Th Fr Sa Su      Mo Tu We Th Fr Sa Su
                1  2          1  2  3  4  5  6                1  2  3  4
 3  4  5  6  7  8  9       7  8  9 10 11 12 13       5  6  7  8  9 10 11
10 11 12 13 14 15 16      14 15 16 17 18 19 20      12 13 14 15 16 17 18
17 18 19 20 21 22 23      21 22 23 24 25 26 27      19 20 21 22 23 24 25
24 25 26 27 28 29 30      28 29 30                  26 27 28 29 30 31
31
 
INFO 2022-07-18 14:46:46,169 root This is Assignment2 program 
INFO 2022-07-18 14:46:46,170 root we are in Convent_kilometer
INFO 2022-07-18 14:46:48,820 root the lenth of Kms 124.30080795525171 
INFO 2022-07-18 14:46:48,828 root we are in  convert_Celsius_to_Fahrenheit
INFO 2022-07-18 14:46:51,544 root convert_Celsius_to_Fahrenheit 96.8 
INFO 2022-07-18 14:46:51,544 root showCalender
INFO 2022-07-18 14:46:57,121 root Calender                                   1994

      January                   February                   March
Mo Tu We Th Fr Sa Su      Mo Tu We Th Fr Sa Su      Mo Tu We Th Fr Sa Su
                1  2          1  2  3  4  5  6          1  2  3  4  5  6
 3  4  5  6  7  8  9       7  8  9 10 11 12 13       7  8  9 10 11 12 13
10 11 12 13 14 15 16      14 15 16 17 18 19 20      14 15 16 17 18 19 20
17 18 19 20 21 22 23      21 22 23 24 25 26 27      21 22 23 24 25 26 27
24 25 26 27 28 29 30      28                        28 29 30 31
31

       April                      May                       June
Mo Tu We Th Fr Sa Su      Mo Tu We Th Fr Sa Su      Mo Tu We Th Fr Sa Su
             1  2  3                         1             1  2  3  4  5
 4  5  6  7  8  9 10       2  3  4  5  6  7  8       6  7  8  9 10 11 12
11 12 13 14 15 16 17       9 10 11 12 13 14 15      13 14 15 16 17 18 19
18 19 20 21 22 23 24      16 17 18 19 20 21 22      20 21 22 23 24 25 26
25 26 27 28 29 30         23 24 25 26 27 28 29      27 28 29 30
                          30 31

        July                     August                  September
Mo Tu We Th Fr Sa Su      Mo Tu We Th Fr Sa Su      Mo Tu We Th Fr Sa Su
             1  2  3       1  2  3  4  5  6  7                1  2  3  4
 4  5  6  7  8  9 10       8  9 10 11 12 13 14       5  6  7  8  9 10 11
11 12 13 14 15 16 17      15 16 17 18 19 20 21      12 13 14 15 16 17 18
18 19 20 21 22 23 24      22 23 24 25 26 27 28      19 20 21 22 23 24 25
25 26 27 28 29 30 31      29 30 31                  26 27 28 29 30

      October                   November                  December
Mo Tu We Th Fr Sa Su      Mo Tu We Th Fr Sa Su      Mo Tu We Th Fr Sa Su
                1  2          1  2  3  4  5  6                1  2  3  4
 3  4  5  6  7  8  9       7  8  9 10 11 12 13       5  6  7  8  9 10 11
10 11 12 13 14 15 16      14 15 16 17 18 19 20      12 13 14 15 16 17 18
17 18 19 20 21 22 23      21 22 23 24 25 26 27      19 20 21 22 23 24 25
24 25 26 27 28 29 30      28 29 30                  26 27 28 29 30 31
31
 
INFO 2022-07-18 14:47:40,482 root This is Assignment2 program 
INFO 2022-07-18 14:47:40,482 root we are in Convent_kilometer
INFO 2022-07-18 14:47:45,271 root the lenth of Kms 62.15040397762586 
INFO 2022-07-18 14:47:45,271 root we are in  convert_Celsius_to_Fahrenheit
INFO 2022-07-18 14:47:46,794 root convert_Celsius_to_Fahrenheit 77.0 
INFO 2022-07-18 14:47:46,794 root showCalender
INFO 2022-07-18 14:47:55,267 root Calender                                   1857

      January                   February                   March
Mo Tu We Th Fr Sa Su      Mo Tu We Th Fr Sa Su      Mo Tu We Th Fr Sa Su
          1  2  3  4                         1                         1
 5  6  7  8  9 10 11       2  3  4  5  6  7  8       2  3  4  5  6  7  8
12 13 14 15 16 17 18       9 10 11 12 13 14 15       9 10 11 12 13 14 15
19 20 21 22 23 24 25      16 17 18 19 20 21 22      16 17 18 19 20 21 22
26 27 28 29 30 31         23 24 25 26 27 28         23 24 25 26 27 28 29
                                                    30 31

       April                      May                       June
Mo Tu We Th Fr Sa Su      Mo Tu We Th Fr Sa Su      Mo Tu We Th Fr Sa Su
       1  2  3  4  5                   1  2  3       1  2  3  4  5  6  7
 6  7  8  9 10 11 12       4  5  6  7  8  9 10       8  9 10 11 12 13 14
13 14 15 16 17 18 19      11 12 13 14 15 16 17      15 16 17 18 19 20 21
20 21 22 23 24 25 26      18 19 20 21 22 23 24      22 23 24 25 26 27 28
27 28 29 30               25 26 27 28 29 30 31      29 30

        July                     August                  September
Mo Tu We Th Fr Sa Su      Mo Tu We Th Fr Sa Su      Mo Tu We Th Fr Sa Su
       1  2  3  4  5                      1  2          1  2  3  4  5  6
 6  7  8  9 10 11 12       3  4  5  6  7  8  9       7  8  9 10 11 12 13
13 14 15 16 17 18 19      10 11 12 13 14 15 16      14 15 16 17 18 19 20
20 21 22 23 24 25 26      17 18 19 20 21 22 23      21 22 23 24 25 26 27
27 28 29 30 31            24 25 26 27 28 29 30      28 29 30
                          31

      October                   November                  December
Mo Tu We Th Fr Sa Su      Mo Tu We Th Fr Sa Su      Mo Tu We Th Fr Sa Su
          1  2  3  4                         1          1  2  3  4  5  6
 5  6  7  8  9 10 11       2  3  4  5  6  7  8       7  8  9 10 11 12 13
12 13 14 15 16 17 18       9 10 11 12 13 14 15      14 15 16 17 18 19 20
19 20 21 22 23 24 25      16 17 18 19 20 21 22      21 22 23 24 25 26 27
26 27 28 29 30 31         23 24 25 26 27 28 29      28 29 30 31
                          30
 
INFO 2022-07-18 14:47:55,268 root solve_quadratic_equation
ERROR 2022-07-18 14:48:00,624 root name 'cmath' is not defined
Traceback (most recent call last):
  File "F:\Assignment2\Assignment2.py", line 59, in solve_quadratic_equation
    s1 = (-b - cmath.sqrt(d)) / (2 * a)
NameError: name 'cmath' is not defined
INFO 2022-07-18 14:48:33,335 root This is Assignment2 program 
INFO 2022-07-18 14:48:33,335 root we are in Convent_kilometer
INFO 2022-07-18 14:48:35,376 root the lenth of Kms 62.15040397762586 
INFO 2022-07-18 14:48:35,376 root we are in  convert_Celsius_to_Fahrenheit
INFO 2022-07-18 14:48:36,981 root convert_Celsius_to_Fahrenheit 77.0 
INFO 2022-07-18 14:48:36,981 root showCalender
INFO 2022-07-18 14:48:39,691 root Calender                                   2022

      January                   February                   March
Mo Tu We Th Fr Sa Su      Mo Tu We Th Fr Sa Su      Mo Tu We Th Fr Sa Su
                1  2          1  2  3  4  5  6          1  2  3  4  5  6
 3  4  5  6  7  8  9       7  8  9 10 11 12 13       7  8  9 10 11 12 13
10 11 12 13 14 15 16      14 15 16 17 18 19 20      14 15 16 17 18 19 20
17 18 19 20 21 22 23      21 22 23 24 25 26 27      21 22 23 24 25 26 27
24 25 26 27 28 29 30      28                        28 29 30 31
31

       April                      May                       June
Mo Tu We Th Fr Sa Su      Mo Tu We Th Fr Sa Su      Mo Tu We Th Fr Sa Su
             1  2  3                         1             1  2  3  4  5
 4  5  6  7  8  9 10       2  3  4  5  6  7  8       6  7  8  9 10 11 12
11 12 13 14 15 16 17       9 10 11 12 13 14 15      13 14 15 16 17 18 19
18 19 20 21 22 23 24      16 17 18 19 20 21 22      20 21 22 23 24 25 26
25 26 27 28 29 30         23 24 25 26 27 28 29      27 28 29 30
                          30 31

        July                     August                  September
Mo Tu We Th Fr Sa Su      Mo Tu We Th Fr Sa Su      Mo Tu We Th Fr Sa Su
             1  2  3       1  2  3  4  5  6  7                1  2  3  4
 4  5  6  7  8  9 10       8  9 10 11 12 13 14       5  6  7  8  9 10 11
11 12 13 14 15 16 17      15 16 17 18 19 20 21      12 13 14 15 16 17 18
18 19 20 21 22 23 24      22 23 24 25 26 27 28      19 20 21 22 23 24 25
25 26 27 28 29 30 31      29 30 31                  26 27 28 29 30

      October                   November                  December
Mo Tu We Th Fr Sa Su      Mo Tu We Th Fr Sa Su      Mo Tu We Th Fr Sa Su
                1  2          1  2  3  4  5  6                1  2  3  4
 3  4  5  6  7  8  9       7  8  9 10 11 12 13       5  6  7  8  9 10 11
10 11 12 13 14 15 16      14 15 16 17 18 19 20      12 13 14 15 16 17 18
17 18 19 20 21 22 23      21 22 23 24 25 26 27      19 20 21 22 23 24 25
24 25 26 27 28 29 30      28 29 30                  26 27 28 29 30 31
31
 
INFO 2022-07-18 14:48:39,692 root solve_quadratic_equation
INFO 2022-07-18 14:48:43,759 root solve_quadratic_equation %s 
